<?xml version="1.0" encoding="utf-8"?><testsuites name="pytest tests"><testsuite name="pytest" errors="0" failures="0" skipped="1" tests="12" time="81.366" timestamp="2026-07-22T19:46:12.694290+00:00" hostname="agent-env-e3ee0281-926e-4665-80de-0b0815feefe4"><testcase classname="tests.test_v2_api.TestSupervisorGraph" name="test_supervisor_runs_and_returns_trace" time="14.202" /><testcase classname="tests.test_v2_api.TestSupervisorGraph" name="test_checkpoint_persists" time="11.462" /><testcase classname="tests.test_v2_api.TestEscalationApproval" name="test_hot_lead_triggers_approval_and_approve_resumes" time="3.370" /><testcase classname="tests.test_v2_api.TestEscalationApproval" name="test_reject_reverts_hot_to_nurture" time="12.803"><skipped type="pytest.skip" message="Supervisor did not escalate this run; can't test reject flow">/app/backend/tests/test_v2_api.py:159: Supervisor did not escalate this run; can't test reject flow</skipped></testcase><testcase classname="tests.test_v2_api.TestOptOut" name="test_opt_out_sets_flag_and_blocks_notification" time="8.589" /><testcase classname="tests.test_v2_api.TestOptOut" name="test_opt_out_404_on_missing_lead" time="0.063" /><testcase classname="tests.test_v2_api.TestSimulation" name="test_simulate_and_eval" time="22.225" /><testcase classname="tests.test_v2_api.TestGoogleWebhook" name="test_bad_key" time="0.078" /><testcase classname="tests.test_v2_api.TestGoogleWebhook" name="test_missing_fields" time="0.064" /><testcase classname="tests.test_v2_api.TestGoogleWebhook" name="test_valid_payload_creates_lead" time="0.131" /><testcase classname="tests.test_v2_api.TestStateMachineGuardrail" name="test_illegal_transition_book_on_new" time="0.144" /><testcase classname="tests.test_v2_api.TestSubAgents" name="test_enrichment_or_followup_persists_side_effects" time="7.865" /></testsuite></testsuites>